<?xml version="1.0" encoding="UTF-8"?>
<testsuite name="start.aop.AopApplicationTests" tests="1" skipped="0" failures="0" errors="0" timestamp="2022-06-21T05:04:46" hostname="DESKTOP-AGQ40CD" time="1.001">
  <properties/>
  <testcase name="contextLoads()" classname="start.aop.AopApplicationTests" time="1.001"/>
  <system-out><![CDATA[14:04:42.066 [Test worker] DEBUG org.springframework.test.context.BootstrapUtils - Instantiating CacheAwareContextLoaderDelegate from class [org.springframework.test.context.cache.DefaultCacheAwareContextLoaderDelegate]
14:04:42.114 [Test worker] DEBUG org.springframework.test.context.BootstrapUtils - Instantiating BootstrapContext using constructor [public org.springframework.test.context.support.DefaultBootstrapContext(java.lang.Class,org.springframework.test.context.CacheAwareContextLoaderDelegate)]
14:04:42.265 [Test worker] DEBUG org.springframework.test.context.BootstrapUtils - Instantiating TestContextBootstrapper for test class [start.aop.AopApplicationTests] from class [org.springframework.boot.test.context.SpringBootTestContextBootstrapper]
14:04:42.304 [Test worker] INFO org.springframework.boot.test.context.SpringBootTestContextBootstrapper - Neither @ContextConfiguration nor @ContextHierarchy found for test class [start.aop.AopApplicationTests], using SpringBootContextLoader
14:04:42.318 [Test worker] DEBUG org.springframework.test.context.support.AbstractContextLoader - Did not detect default resource location for test class [start.aop.AopApplicationTests]: class path resource [start/aop/AopApplicationTests-context.xml] does not exist
14:04:42.320 [Test worker] DEBUG org.springframework.test.context.support.AbstractContextLoader - Did not detect default resource location for test class [start.aop.AopApplicationTests]: class path resource [start/aop/AopApplicationTestsContext.groovy] does not exist
14:04:42.321 [Test worker] INFO org.springframework.test.context.support.AbstractContextLoader - Could not detect default resource locations for test class [start.aop.AopApplicationTests]: no resource found for suffixes {-context.xml, Context.groovy}.
14:04:42.324 [Test worker] INFO org.springframework.test.context.support.AnnotationConfigContextLoaderUtils - Could not detect default configuration classes for test class [start.aop.AopApplicationTests]: AopApplicationTests does not declare any static, non-private, non-final, nested classes annotated with @Configuration.
14:04:42.585 [Test worker] DEBUG org.springframework.test.context.support.ActiveProfilesUtils - Could not find an 'annotation declaring class' for annotation type [org.springframework.test.context.ActiveProfiles] and class [start.aop.AopApplicationTests]
14:04:42.853 [Test worker] DEBUG org.springframework.context.annotation.ClassPathScanningCandidateComponentProvider - Identified candidate component class: file [C:\Users\YumBora\code\aop\build\classes\java\main\start\aop\AopApplication.class]
14:04:42.864 [Test worker] INFO org.springframework.boot.test.context.SpringBootTestContextBootstrapper - Found @SpringBootConfiguration start.aop.AopApplication for test class start.aop.AopApplicationTests
14:04:43.179 [Test worker] DEBUG org.springframework.boot.test.context.SpringBootTestContextBootstrapper - @TestExecutionListeners is not present for class [start.aop.AopApplicationTests]: using defaults.
14:04:43.183 [Test worker] INFO org.springframework.boot.test.context.SpringBootTestContextBootstrapper - Loaded default TestExecutionListener class names from location [META-INF/spring.factories]: [org.springframework.boot.test.autoconfigure.restdocs.RestDocsTestExecutionListener, org.springframework.boot.test.autoconfigure.web.client.MockRestServiceServerResetTestExecutionListener, org.springframework.boot.test.autoconfigure.web.servlet.MockMvcPrintOnlyOnFailureTestExecutionListener, org.springframework.boot.test.autoconfigure.web.servlet.WebDriverTestExecutionListener, org.springframework.boot.test.autoconfigure.webservices.client.MockWebServiceServerTestExecutionListener, org.springframework.boot.test.mock.mockito.MockitoTestExecutionListener, org.springframework.boot.test.mock.mockito.ResetMocksTestExecutionListener, org.springframework.test.context.web.ServletTestExecutionListener, org.springframework.test.context.support.DirtiesContextBeforeModesTestExecutionListener, org.springframework.test.context.event.ApplicationEventsTestExecutionListener, org.springframework.test.context.support.DependencyInjectionTestExecutionListener, org.springframework.test.context.support.DirtiesContextTestExecutionListener, org.springframework.test.context.transaction.TransactionalTestExecutionListener, org.springframework.test.context.jdbc.SqlScriptsTestExecutionListener, org.springframework.test.context.event.EventPublishingTestExecutionListener]
14:04:43.227 [Test worker] DEBUG org.springframework.boot.test.context.SpringBootTestContextBootstrapper - Skipping candidate TestExecutionListener [org.springframework.test.context.web.ServletTestExecutionListener] due to a missing dependency. Specify custom listener classes or make the default listener classes and their required dependencies available. Offending class: [javax/servlet/ServletContext]
14:04:43.237 [Test worker] DEBUG org.springframework.boot.test.context.SpringBootTestContextBootstrapper - Skipping candidate TestExecutionListener [org.springframework.test.context.transaction.TransactionalTestExecutionListener] due to a missing dependency. Specify custom listener classes or make the default listener classes and their required dependencies available. Offending class: [org/springframework/transaction/interceptor/TransactionAttributeSource]
14:04:43.238 [Test worker] DEBUG org.springframework.boot.test.context.SpringBootTestContextBootstrapper - Skipping candidate TestExecutionListener [org.springframework.test.context.jdbc.SqlScriptsTestExecutionListener] due to a missing dependency. Specify custom listener classes or make the default listener classes and their required dependencies available. Offending class: [org/springframework/transaction/interceptor/TransactionAttribute]
14:04:43.244 [Test worker] INFO org.springframework.boot.test.context.SpringBootTestContextBootstrapper - Using TestExecutionListeners: [org.springframework.test.context.support.DirtiesContextBeforeModesTestExecutionListener@324c64cd, org.springframework.test.context.event.ApplicationEventsTestExecutionListener@13579834, org.springframework.boot.test.mock.mockito.MockitoTestExecutionListener@24be2d9c, org.springframework.boot.test.autoconfigure.SpringBootDependencyInjectionTestExecutionListener@5bd73d1a, org.springframework.test.context.support.DirtiesContextTestExecutionListener@aec50a1, org.springframework.test.context.event.EventPublishingTestExecutionListener@2555fff0, org.springframework.boot.test.autoconfigure.restdocs.RestDocsTestExecutionListener@70d2e40b, org.springframework.boot.test.autoconfigure.web.client.MockRestServiceServerResetTestExecutionListener@120f38e6, org.springframework.boot.test.autoconfigure.web.servlet.MockMvcPrintOnlyOnFailureTestExecutionListener@7a0e1b5e, org.springframework.boot.test.autoconfigure.web.servlet.WebDriverTestExecutionListener@702ed190, org.springframework.boot.test.autoconfigure.webservices.client.MockWebServiceServerTestExecutionListener@173b9122, org.springframework.boot.test.mock.mockito.ResetMocksTestExecutionListener@7c18432b]
14:04:43.261 [Test worker] DEBUG org.springframework.test.context.support.AbstractDirtiesContextTestExecutionListener - Before test class: context [DefaultTestContext@1a15b789 testClass = AopApplicationTests, testInstance = [null], testMethod = [null], testException = [null], mergedContextConfiguration = [MergedContextConfiguration@57f791c6 testClass = AopApplicationTests, locations = '{}', classes = '{class start.aop.AopApplication}', contextInitializerClasses = '[]', activeProfiles = '{}', propertySourceLocations = '{}', propertySourceProperties = '{org.springframework.boot.test.context.SpringBootTestContextBootstrapper=true}', contextCustomizers = set[org.springframework.boot.test.autoconfigure.actuate.metrics.MetricsExportContextCustomizerFactory$DisableMetricExportContextCustomizer@13f17eb4, org.springframework.boot.test.autoconfigure.properties.PropertyMappingContextCustomizer@0, org.springframework.boot.test.autoconfigure.web.servlet.WebDriverContextCustomizerFactory$Customizer@698122b2, org.springframework.boot.test.context.filter.ExcludeFilterContextCustomizer@c1bd0be, org.springframework.boot.test.json.DuplicateJsonObjectContextCustomizerFactory$DuplicateJsonObjectContextCustomizer@4b3a45f1, org.springframework.boot.test.mock.mockito.MockitoContextCustomizer@0, org.springframework.boot.test.web.client.TestRestTemplateContextCustomizer@3fa2213, org.springframework.boot.test.context.SpringBootTestArgs@1, org.springframework.boot.test.context.SpringBootTestWebEnvironment@1a5b6f42], contextLoader = 'org.springframework.boot.test.context.SpringBootContextLoader', parent = [null]], attributes = map[[empty]]], class annotated with @DirtiesContext [false] with mode [null].
14:04:43.298 [Test worker] DEBUG org.springframework.test.context.support.DependencyInjectionTestExecutionListener - Performing dependency injection for test context [[DefaultTestContext@1a15b789 testClass = AopApplicationTests, testInstance = start.aop.AopApplicationTests@70eecdc2, testMethod = [null], testException = [null], mergedContextConfiguration = [MergedContextConfiguration@57f791c6 testClass = AopApplicationTests, locations = '{}', classes = '{class start.aop.AopApplication}', contextInitializerClasses = '[]', activeProfiles = '{}', propertySourceLocations = '{}', propertySourceProperties = '{org.springframework.boot.test.context.SpringBootTestContextBootstrapper=true}', contextCustomizers = set[org.springframework.boot.test.autoconfigure.actuate.metrics.MetricsExportContextCustomizerFactory$DisableMetricExportContextCustomizer@13f17eb4, org.springframework.boot.test.autoconfigure.properties.PropertyMappingContextCustomizer@0, org.springframework.boot.test.autoconfigure.web.servlet.WebDriverContextCustomizerFactory$Customizer@698122b2, org.springframework.boot.test.context.filter.ExcludeFilterContextCustomizer@c1bd0be, org.springframework.boot.test.json.DuplicateJsonObjectContextCustomizerFactory$DuplicateJsonObjectContextCustomizer@4b3a45f1, org.springframework.boot.test.mock.mockito.MockitoContextCustomizer@0, org.springframework.boot.test.web.client.TestRestTemplateContextCustomizer@3fa2213, org.springframework.boot.test.context.SpringBootTestArgs@1, org.springframework.boot.test.context.SpringBootTestWebEnvironment@1a5b6f42], contextLoader = 'org.springframework.boot.test.context.SpringBootContextLoader', parent = [null]], attributes = map['org.springframework.test.context.event.ApplicationEventsTestExecutionListener.recordApplicationEvents' -> false]]].

  .   ____          _            __ _ _
 /\\ / ___'_ __ _ _(_)_ __  __ _ \ \ \ \
( ( )\___ | '_ | '_| | '_ \/ _` | \ \ \ \
 \\/  ___)| |_)| | | | | || (_| |  ) ) ) )
  '  |____| .__|_| |_|_| |_\__, | / / / /
 =========|_|==============|___/=/_/_/_/
 :: Spring Boot ::                (v2.7.0)

2022-06-21 14:04:44.172  INFO 18616 --- [    Test worker] start.aop.AopApplicationTests            : Starting AopApplicationTests using Java 11.0.15 on DESKTOP-AGQ40CD with PID 18616 (started by YumBora in C:\Users\YumBora\code\aop)
2022-06-21 14:04:44.176  INFO 18616 --- [    Test worker] start.aop.AopApplicationTests            : No active profile set, falling back to 1 default profile: "default"
2022-06-21 14:04:46.172  INFO 18616 --- [    Test worker] start.aop.AopApplicationTests            : Started AopApplicationTests in 2.795 seconds (JVM running for 9.159)
]]></system-out>
  <system-err><![CDATA[]]></system-err>
</testsuite>
